<?xml version="1.0" encoding="UTF-8"?>
<testsuite xmlns:xsi="http://www.w3.org/2001/XMLSchema-instance" xsi:noNamespaceSchemaLocation="https://maven.apache.org/surefire/maven-surefire-plugin/xsd/surefire-test-report-3.0.xsd" version="3.0" name="br.com.templeofrock.tests.TempleOfRockTest" time="64.232" tests="16" errors="0" skipped="0" failures="0">
  <properties>
[...]
</properties>
  <testcase name="consultaListaBandasPorLetra(String)[1]" classname="br.com.templeofrock.tests.TempleOfRockTest" time="3.529">
    <system-err><![CDATA[dez. 03, 2025 4:33:30 PM org.openqa.selenium.devtools.CdpVersionFinder findNearestMatch
ADVERTÊNCIA: Unable to find CDP implementation matching 142
dez. 03, 2025 4:33:31 PM org.openqa.selenium.chromium.ChromiumDriver lambda$new$5
ADVERTÊNCIA: Unable to find version of CDP to use for 142.0.7444.177. You may need to include a dependency on a specific version of the CDP using something similar to `org.seleniumhq.selenium:selenium-devtools-v86:4.20.0` where the version ("v86") matches the version of the chromium-based browser you're using and the version number of the artifact is the same as Selenium's.
]]></system-err>
  </testcase>
  <testcase name="consultaListaBandasPorLetra(String)[2]" classname="br.com.templeofrock.tests.TempleOfRockTest" time="2.345">
    <system-err><![CDATA[dez. 03, 2025 4:33:33 PM org.openqa.selenium.devtools.CdpVersionFinder findNearestMatch
ADVERTÊNCIA: Unable to find CDP implementation matching 142
dez. 03, 2025 4:33:33 PM org.openqa.selenium.chromium.ChromiumDriver lambda$new$5
ADVERTÊNCIA: Unable to find version of CDP to use for 142.0.7444.177. You may need to include a dependency on a specific version of the CDP using something similar to `org.seleniumhq.selenium:selenium-devtools-v86:4.20.0` where the version ("v86") matches the version of the chromium-based browser you're using and the version number of the artifact is the same as Selenium's.
]]></system-err>
  </testcase>
  <testcase name="consultaListaBandasPorLetra(String)[3]" classname="br.com.templeofrock.tests.TempleOfRockTest" time="2.238">
    <system-err><![CDATA[dez. 03, 2025 4:33:35 PM org.openqa.selenium.devtools.CdpVersionFinder findNearestMatch
ADVERTÊNCIA: Unable to find CDP implementation matching 142
dez. 03, 2025 4:33:35 PM org.openqa.selenium.chromium.ChromiumDriver lambda$new$5
ADVERTÊNCIA: Unable to find version of CDP to use for 142.0.7444.177. You may need to include a dependency on a specific version of the CDP using something similar to `org.seleniumhq.selenium:selenium-devtools-v86:4.20.0` where the version ("v86") matches the version of the chromium-based browser you're using and the version number of the artifact is the same as Selenium's.
]]></system-err>
  </testcase>
  <testcase name="consultaListaBandasPorLetra(String)[4]" classname="br.com.templeofrock.tests.TempleOfRockTest" time="2.181">
    <system-err><![CDATA[dez. 03, 2025 4:33:38 PM org.openqa.selenium.devtools.CdpVersionFinder findNearestMatch
ADVERTÊNCIA: Unable to find CDP implementation matching 142
dez. 03, 2025 4:33:38 PM org.openqa.selenium.chromium.ChromiumDriver lambda$new$5
ADVERTÊNCIA: Unable to find version of CDP to use for 142.0.7444.177. You may need to include a dependency on a specific version of the CDP using something similar to `org.seleniumhq.selenium:selenium-devtools-v86:4.20.0` where the version ("v86") matches the version of the chromium-based browser you're using and the version number of the artifact is the same as Selenium's.
]]></system-err>
  </testcase>
  <testcase name="editaBandaEIncluiDiscos" classname="br.com.templeofrock.tests.TempleOfRockTest" time="8.67">
    <system-err><![CDATA[dez. 03, 2025 4:33:40 PM org.openqa.selenium.devtools.CdpVersionFinder findNearestMatch
ADVERTÊNCIA: Unable to find CDP implementation matching 142
dez. 03, 2025 4:33:40 PM org.openqa.selenium.chromium.ChromiumDriver lambda$new$5
ADVERTÊNCIA: Unable to find version of CDP to use for 142.0.7444.177. You may need to include a dependency on a specific version of the CDP using something similar to `org.seleniumhq.selenium:selenium-devtools-v86:4.20.0` where the version ("v86") matches the version of the chromium-based browser you're using and the version number of the artifact is the same as Selenium's.
]]></system-err>
  </testcase>
  <testcase name="desisteDaEdicaoDeBanda" classname="br.com.templeofrock.tests.TempleOfRockTest" time="8.273">
    <system-err><![CDATA[dez. 03, 2025 4:33:49 PM org.openqa.selenium.devtools.CdpVersionFinder findNearestMatch
ADVERTÊNCIA: Unable to find CDP implementation matching 142
dez. 03, 2025 4:33:49 PM org.openqa.selenium.chromium.ChromiumDriver lambda$new$5
ADVERTÊNCIA: Unable to find version of CDP to use for 142.0.7444.177. You may need to include a dependency on a specific version of the CDP using something similar to `org.seleniumhq.selenium:selenium-devtools-v86:4.20.0` where the version ("v86") matches the version of the chromium-based browser you're using and the version number of the artifact is the same as Selenium's.
]]></system-err>
  </testcase>
  <testcase name="cadastraNovaBanda" classname="br.com.templeofrock.tests.TempleOfRockTest" time="8.67">
    <system-err><![CDATA[dez. 03, 2025 4:33:57 PM org.openqa.selenium.devtools.CdpVersionFinder findNearestMatch
ADVERTÊNCIA: Unable to find CDP implementation matching 142
dez. 03, 2025 4:33:57 PM org.openqa.selenium.chromium.ChromiumDriver lambda$new$5
ADVERTÊNCIA: Unable to find version of CDP to use for 142.0.7444.177. You may need to include a dependency on a specific version of the CDP using something similar to `org.seleniumhq.selenium:selenium-devtools-v86:4.20.0` where the version ("v86") matches the version of the chromium-based browser you're using and the version number of the artifact is the same as Selenium's.
]]></system-err>
  </testcase>
  <testcase name="consultaBandaPorNome(String)[1]" classname="br.com.templeofrock.tests.TempleOfRockTest" time="2.678">
    <system-out><![CDATA[[ApiHelper] attempt 1 - GET http://localhost:9090/api/bands/search?name=Metal+Factor -> status: 200
[ApiHelper] body: {"_id":"68b6fab3275425ee439c7bd3","name":"Metal Factor","genre":"Heavy Metal","members":["Tony Doe","jhon dick","Jeff more","tommy blair"],"formationYear":1998,"country":"Inglaterra","discography":[{"title":"heavy metal never die","releaseYear":1998,"_id":"68c346f854fe60b6efc895d7"},{"title":"heavy metal never die II","releaseYear":1999,"_id":"68c346f854fe60b6efc895d8"}],"__v":0}
ID da API: 68b6fab3275425ee439c7bd3
URL atual: http://localhost:9090/web/bandDetails.html?id=68b6fab3275425ee439c7bd3
]]></system-out>
    <system-err><![CDATA[dez. 03, 2025 4:34:05 PM org.openqa.selenium.devtools.CdpVersionFinder findNearestMatch
ADVERTÊNCIA: Unable to find CDP implementation matching 142
dez. 03, 2025 4:34:05 PM org.openqa.selenium.chromium.ChromiumDriver lambda$new$5
ADVERTÊNCIA: Unable to find version of CDP to use for 142.0.7444.177. You may need to include a dependency on a specific version of the CDP using something similar to `org.seleniumhq.selenium:selenium-devtools-v86:4.20.0` where the version ("v86") matches the version of the chromium-based browser you're using and the version number of the artifact is the same as Selenium's.
]]></system-err>
  </testcase>
  <testcase name="consultaBandaPorNome(String)[2]" classname="br.com.templeofrock.tests.TempleOfRockTest" time="2.703">
    <system-out><![CDATA[[ApiHelper] attempt 1 - GET http://localhost:9090/api/bands/search?name=Ultimate+School -> status: 200
[ApiHelper] body: {"_id":"68b6fa6c275425ee439c7bcb","name":"Ultimate School","genre":"Classic Rock","members":["Mark Pimenta","Peter Jones","Charlie Johnson","Alice Silva"],"formationYear":2008,"country":"New Caledonia","discography":[{"title":"Last leave","releaseYear":2009,"_id":"68f6384b47d164488d15c8d9"},{"title":"Best Of everything","releaseYear":2010,"_id":"68f6384b47d164488d15c8da"},{"title":"Last happy","releaseYear":2011,"_id":"68f6384b47d164488d15c8db"},{"title":"Iron hear","releaseYear":2012,"_id":"68f6384b47d164488d15c8dc"},{"title":"The move","releaseYear":2013,"_id":"68f6384b47d164488d15c8dd"},{"title":"Ultimate create","releaseYear":2014,"_id":"68f6384b47d164488d15c8de"},{"title":"Last phone","releaseYear":2015,"_id":"68f6384b47d164488d15c8df"},{"title":"Iron personal","releaseYear":2016,"_id":"68f6384b47d164488d15c8e0"},{"title":"Last little","releaseYear":2017,"_id":"68f6384b47d164488d15c8e1"},{"title":"Iron cold","releaseYear":2018,"_id":"68f6384b47d164488d15c8e2"}],"__v":0}
ID da API: 68b6fa6c275425ee439c7bcb
URL atual: http://localhost:9090/web/bandDetails.html?id=68b6fa6c275425ee439c7bcb
]]></system-out>
    <system-err><![CDATA[dez. 03, 2025 4:34:08 PM org.openqa.selenium.devtools.CdpVersionFinder findNearestMatch
ADVERTÊNCIA: Unable to find CDP implementation matching 142
dez. 03, 2025 4:34:08 PM org.openqa.selenium.chromium.ChromiumDriver lambda$new$5
ADVERTÊNCIA: Unable to find version of CDP to use for 142.0.7444.177. You may need to include a dependency on a specific version of the CDP using something similar to `org.seleniumhq.selenium:selenium-devtools-v86:4.20.0` where the version ("v86") matches the version of the chromium-based browser you're using and the version number of the artifact is the same as Selenium's.
]]></system-err>
  </testcase>
  <testcase name="consultaBandaPorNome(String)[3]" classname="br.com.templeofrock.tests.TempleOfRockTest" time="2.775">
    <system-out><![CDATA[[ApiHelper] attempt 1 - GET http://localhost:9090/api/bands/search?name=Dr.+Doom -> status: 200
[ApiHelper] body: {"_id":"68b6fbb8275425ee439c7cb1","name":"Dr. Doom","genre":"Black Metal","members":["Amorphis","Anubis. Azazel","Lilith"],"formationYear":1980,"country":"Noruega","discography":[{"title":"Metal door","releaseYear":1980,"_id":"68b6fbbe275425ee439c7ce8"},{"title":"Deep amount","releaseYear":1981,"_id":"68b6fbbe275425ee439c7ce9"},{"title":"Best Of road","releaseYear":1982,"_id":"68b6fbbe275425ee439c7cea"},{"title":"Last our","releaseYear":1983,"_id":"68b6fbbe275425ee439c7ceb"},{"title":"Last stop","releaseYear":1984,"_id":"68b6fbbe275425ee439c7cec"},{"title":"The matter","releaseYear":1996,"_id":"68b6fcd2275425ee439c7d8e"},{"title":"The raise","releaseYear":1996,"_id":"68b6fd6d275425ee439c7e8c"},{"title":"Metal science","releaseYear":1997,"_id":"68b70846d0f5984e93891ace"},{"title":"Last federal","releaseYear":1988,"_id":"68b9c6bf7e346b9238a5f666"},{"title":"Best Of color","releaseYear":1995,"_id":"68b9c7997e346b9238a5f8f9"},{"title":"Iron president","releaseYear":1992,"_id":"68b9d15d7e34...
ID da API: 68b6fbb8275425ee439c7cb1
URL atual: http://localhost:9090/web/bandDetails.html?id=68b6fbb8275425ee439c7cb1
]]></system-out>
    <system-err><![CDATA[dez. 03, 2025 4:34:11 PM org.openqa.selenium.devtools.CdpVersionFinder findNearestMatch
ADVERTÊNCIA: Unable to find CDP implementation matching 142
dez. 03, 2025 4:34:11 PM org.openqa.selenium.chromium.ChromiumDriver lambda$new$5
ADVERTÊNCIA: Unable to find version of CDP to use for 142.0.7444.177. You may need to include a dependency on a specific version of the CDP using something similar to `org.seleniumhq.selenium:selenium-devtools-v86:4.20.0` where the version ("v86") matches the version of the chromium-based browser you're using and the version number of the artifact is the same as Selenium's.
]]></system-err>
  </testcase>
  <testcase name="cadastraNovoUsuarioComSucesso" classname="br.com.templeofrock.tests.TempleOfRockTest" time="2.734">
    <system-err><![CDATA[dez. 03, 2025 4:34:14 PM org.openqa.selenium.devtools.CdpVersionFinder findNearestMatch
ADVERTÊNCIA: Unable to find CDP implementation matching 142
dez. 03, 2025 4:34:14 PM org.openqa.selenium.chromium.ChromiumDriver lambda$new$5
ADVERTÊNCIA: Unable to find version of CDP to use for 142.0.7444.177. You may need to include a dependency on a specific version of the CDP using something similar to `org.seleniumhq.selenium:selenium-devtools-v86:4.20.0` where the version ("v86") matches the version of the chromium-based browser you're using and the version number of the artifact is the same as Selenium's.
]]></system-err>
  </testcase>
  <testcase name="verificaTituloPagina" classname="br.com.templeofrock.tests.TempleOfRockTest" time="1.531">
    <system-err><![CDATA[dez. 03, 2025 4:34:16 PM org.openqa.selenium.devtools.CdpVersionFinder findNearestMatch
ADVERTÊNCIA: Unable to find CDP implementation matching 142
dez. 03, 2025 4:34:16 PM org.openqa.selenium.chromium.ChromiumDriver lambda$new$5
ADVERTÊNCIA: Unable to find version of CDP to use for 142.0.7444.177. You may need to include a dependency on a specific version of the CDP using something similar to `org.seleniumhq.selenium:selenium-devtools-v86:4.20.0` where the version ("v86") matches the version of the chromium-based browser you're using and the version number of the artifact is the same as Selenium's.
]]></system-err>
  </testcase>
  <testcase name="incluiDiscosParaBanda" classname="br.com.templeofrock.tests.TempleOfRockTest" time="8.353">
    <system-err><![CDATA[dez. 03, 2025 4:34:18 PM org.openqa.selenium.devtools.CdpVersionFinder findNearestMatch
ADVERTÊNCIA: Unable to find CDP implementation matching 142
dez. 03, 2025 4:34:18 PM org.openqa.selenium.chromium.ChromiumDriver lambda$new$5
ADVERTÊNCIA: Unable to find version of CDP to use for 142.0.7444.177. You may need to include a dependency on a specific version of the CDP using something similar to `org.seleniumhq.selenium:selenium-devtools-v86:4.20.0` where the version ("v86") matches the version of the chromium-based browser you're using and the version number of the artifact is the same as Selenium's.
]]></system-err>
  </testcase>
  <testcase name="fazLoginComFalha" classname="br.com.templeofrock.tests.TempleOfRockTest" time="2.5">
    <system-err><![CDATA[dez. 03, 2025 4:34:26 PM org.openqa.selenium.devtools.CdpVersionFinder findNearestMatch
ADVERTÊNCIA: Unable to find CDP implementation matching 142
dez. 03, 2025 4:34:26 PM org.openqa.selenium.chromium.ChromiumDriver lambda$new$5
ADVERTÊNCIA: Unable to find version of CDP to use for 142.0.7444.177. You may need to include a dependency on a specific version of the CDP using something similar to `org.seleniumhq.selenium:selenium-devtools-v86:4.20.0` where the version ("v86") matches the version of the chromium-based browser you're using and the version number of the artifact is the same as Selenium's.
]]></system-err>
  </testcase>
  <testcase name="cadastraUsuarioComEmailInvalido" classname="br.com.templeofrock.tests.TempleOfRockTest" time="2.193">
    <system-err><![CDATA[dez. 03, 2025 4:34:29 PM org.openqa.selenium.devtools.CdpVersionFinder findNearestMatch
ADVERTÊNCIA: Unable to find CDP implementation matching 142
dez. 03, 2025 4:34:29 PM org.openqa.selenium.chromium.ChromiumDriver lambda$new$5
ADVERTÊNCIA: Unable to find version of CDP to use for 142.0.7444.177. You may need to include a dependency on a specific version of the CDP using something similar to `org.seleniumhq.selenium:selenium-devtools-v86:4.20.0` where the version ("v86") matches the version of the chromium-based browser you're using and the version number of the artifact is the same as Selenium's.
]]></system-err>
  </testcase>
  <testcase name="fazLoginComSucesso" classname="br.com.templeofrock.tests.TempleOfRockTest" time="2.516">
    <system-err><![CDATA[dez. 03, 2025 4:34:31 PM org.openqa.selenium.devtools.CdpVersionFinder findNearestMatch
ADVERTÊNCIA: Unable to find CDP implementation matching 142
dez. 03, 2025 4:34:31 PM org.openqa.selenium.chromium.ChromiumDriver lambda$new$5
ADVERTÊNCIA: Unable to find version of CDP to use for 142.0.7444.177. You may need to include a dependency on a specific version of the CDP using something similar to `org.seleniumhq.selenium:selenium-devtools-v86:4.20.0` where the version ("v86") matches the version of the chromium-based browser you're using and the version number of the artifact is the same as Selenium's.
]]></system-err>
  </testcase>
</testsuite>